Flutter crash report.
Please report a bug at https://github.com/flutter/flutter/issues.

## command

flutter pub upgrade

## exception

FileSystemException: FileSystemException: Deletion failed, path = '/Users/au662726/github_projects/liblsl.dart/packages/liblsl_analysis/ios/Flutter/ephemeral/Packages/.packages' (OS Error: Directory not empty, errno = 66)

```
#0      _Directory._deleteSync (dart:io/directory_impl.dart:225:7)
#1      FileSystemEntity.deleteSync (dart:io/file_system_entity.dart:425:7)
#2      ForwardingFileSystemEntity.deleteSync (package:file/src/forwarding/forwarding_file_system_entity.dart:70:16)
#3      ErrorHandlingDirectory.deleteSync.<anonymous closure> (package:flutter_tools/src/base/error_handling_io.dart:451:22)
#4      _runSync (package:flutter_tools/src/base/error_handling_io.dart:552:14)
#5      ErrorHandlingDirectory.deleteSync (package:flutter_tools/src/base/error_handling_io.dart:450:12)
#6      ErrorHandlingFileSystem.deleteIfExists (package:flutter_tools/src/base/error_handling_io.dart:90:14)
#7      SwiftPackageManager.generatePluginsSwiftPackage (package:flutter_tools/src/macos/swift_package_manager.dart:45:29)
#8      DarwinDependencyManagement.setUp (package:flutter_tools/src/macos/darwin_dependency_management.dart:64:34)
#9      injectPlugins (package:flutter_tools/src/flutter_plugins.dart:1317:42)
<asynchronous suspension>
#10     FlutterProject.ensureReadyForPlatformSpecificTooling (package:flutter_tools/src/project.dart:395:5)
<asynchronous suspension>
#11     PackagesGetCommand.runCommand (package:flutter_tools/src/commands/packages.dart:395:9)
<asynchronous suspension>
#12     FlutterCommand.run.<anonymous closure> (package:flutter_tools/src/runner/flutter_command.dart:1563:27)
<asynchronous suspension>
#13     AppContext.run.<anonymous closure> (package:flutter_tools/src/base/context.dart:154:19)
<asynchronous suspension>
#14     CommandRunner.runCommand (package:args/command_runner.dart:212:13)
<asynchronous suspension>
#15     FlutterCommandRunner.runCommand.<anonymous closure> (package:flutter_tools/src/runner/flutter_command_runner.dart:503:9)
<asynchronous suspension>
#16     AppContext.run.<anonymous closure> (package:flutter_tools/src/base/context.dart:154:19)
<asynchronous suspension>
#17     FlutterCommandRunner.runCommand (package:flutter_tools/src/runner/flutter_command_runner.dart:438:5)
<asynchronous suspension>
#18     run.<anonymous closure>.<anonymous closure> (package:flutter_tools/runner.dart:98:11)
<asynchronous suspension>
#19     AppContext.run.<anonymous closure> (package:flutter_tools/src/base/context.dart:154:19)
<asynchronous suspension>
#20     main (package:flutter_tools/executable.dart:101:3)
<asynchronous suspension>
```

## flutter doctor

```
[✓] Flutter (Channel main, 3.33.0-1.0.pre.945, on macOS 15.6 24G5065c darwin-arm64, locale en-US) [1,963ms]
    • Flutter version 3.33.0-1.0.pre.945 on channel main at /Users/au662726/fvm/versions/main
    • Upstream repository https://github.com/flutter/flutter.git
    • Framework revision 35f197f1e5 (2 hours ago), 2025-07-12 06:18:38 -0400
    • Engine revision 35f197f1e5
    • Dart version 3.9.0 (build 3.9.0-328.0.dev)
    • DevTools version 2.48.0
    • Feature flags: enable-web, enable-linux-desktop, enable-macos-desktop, enable-windows-desktop, enable-android, enable-ios, cli-animations, enable-native-assets, enable-swift-package-manager

[✓] Android toolchain - develop for Android devices (Android SDK version 36.0.0) [1,179ms]
    • Android SDK at /Users/au662726/Library/Android/sdk
    • Emulator version 35.4.9.0 (build_id 13025442) (CL:N/A)
    • Platform android-36, build-tools 36.0.0
    • Java binary at: /Applications/Android Studio.app/Contents/jbr/Contents/Home/bin/java
      This is the JDK bundled with the latest Android Studio installation on this machine.
      To manually set the JDK path, use: `flutter config --jdk-dir="path/to/jdk"`.
    • Java version OpenJDK Runtime Environment (build 21.0.5+-13047016-b750.29)
    • All Android licenses accepted.

[✓] Xcode - develop for iOS and macOS (Xcode 16.4) [1,031ms]
    • Xcode at /Applications/Xcode.app/Contents/Developer
    • Build 16F6
    • CocoaPods version 1.16.2

[✓] Chrome - develop for the web [6ms]
    • Chrome at /Applications/Google Chrome.app/Contents/MacOS/Google Chrome

[✓] Android Studio (version 2024.3) [6ms]
    • Android Studio at /Applications/Android Studio.app/Contents
    • Flutter plugin can be installed from:
      🔨 https://plugins.jetbrains.com/plugin/9212-flutter
    • Dart plugin can be installed from:
      🔨 https://plugins.jetbrains.com/plugin/6351-dart
    • Java version OpenJDK Runtime Environment (build 21.0.5+-13047016-b750.29)

[✓] VS Code (version 1.103.0-insider) [5ms]
    • VS Code at /Applications/Visual Studio Code - Insiders.app/Contents
    • Flutter extension version 3.115.20250701

[✓] Connected device (2 available) [6.2s]
    • macOS (desktop) • macos  • darwin-arm64   • macOS 15.6 24G5065c darwin-arm64
    • Chrome (web)    • chrome • web-javascript • Google Chrome 138.0.7204.101
    ! Error: Browsing on the local area network for Ane’s iPad (2). Ensure the device is unlocked and attached with a cable or associated with the same local area network as this Mac.
      The device must be opted into Developer Mode to connect wirelessly. (code -27)
    ! Error: Browsing on the local area network for Ane’s iPad. Ensure the device is unlocked and attached with a cable or associated with the same local area network as this Mac.
      The device must be opted into Developer Mode to connect wirelessly. (code -27)

[✓] Network resources [664ms]
    • All expected network resources are available.

• No issues found!
```
